TN:
SF:/Users/jonathanspratley/Github/hackathon-starter/app.js
FN:58,(anonymous_0)
FN:103,(anonymous_1)
FN:115,(anonymous_2)
FN:119,(anonymous_3)
FN:223,(anonymous_4)
FN:229,(anonymous_5)
FN:237,(anonymous_6)
FN:243,(anonymous_7)
FN:253,(anonymous_8)
FN:259,(anonymous_9)
FN:267,(anonymous_10)
FN:277,(anonymous_11)
FN:283,(anonymous_12)
FN:291,(anonymous_13)
FN:299,(anonymous_14)
FN:308,(anonymous_15)
FN:320,(anonymous_16)
FN:331,(anonymous_17)
FNF:18
FNH:2
FNDA:1,(anonymous_0)
FNDA:0,(anonymous_1)
FNDA:0,(anonymous_2)
FNDA:0,(anonymous_3)
FNDA:0,(anonymous_4)
FNDA:0,(anonymous_5)
FNDA:0,(anonymous_6)
FNDA:0,(anonymous_7)
FNDA:0,(anonymous_8)
FNDA:0,(anonymous_9)
FNDA:0,(anonymous_10)
FNDA:0,(anonymous_11)
FNDA:0,(anonymous_12)
FNDA:0,(anonymous_13)
FNDA:0,(anonymous_14)
FNDA:0,(anonymous_15)
FNDA:0,(anonymous_16)
FNDA:1,(anonymous_17)
DA:4,1
DA:5,1
DA:6,1
DA:7,1
DA:8,1
DA:9,1
DA:10,1
DA:11,1
DA:12,1
DA:13,1
DA:14,1
DA:15,1
DA:16,1
DA:17,1
DA:18,1
DA:19,1
DA:20,1
DA:22,1
DA:29,1
DA:36,1
DA:37,1
DA:38,1
DA:39,1
DA:44,1
DA:49,1
DA:54,1
DA:55,1
DA:56,1
DA:57,1
DA:58,1
DA:59,1
DA:60,1
DA:61,1
DA:67,1
DA:68,1
DA:69,1
DA:70,1
DA:71,1
DA:72,1
DA:73,1
DA:77,1
DA:78,1
DA:79,1
DA:82,1
DA:94,1
DA:95,0
DA:96,0
DA:99,1
DA:100,1
DA:101,1
DA:102,1
DA:103,1
DA:104,0
DA:106,0
DA:109,0
DA:114,1
DA:115,1
DA:116,0
DA:117,0
DA:119,1
DA:121,0
DA:126,0
DA:127,0
DA:129,0
DA:131,0
DA:133,1
DA:136,1
DA:139,1
DA:142,1
DA:145,1
DA:148,1
DA:155,1
DA:156,1
DA:157,1
DA:158,1
DA:159,1
DA:160,1
DA:161,1
DA:162,1
DA:163,1
DA:164,1
DA:165,1
DA:166,1
DA:167,1
DA:168,1
DA:169,1
DA:170,1
DA:171,1
DA:172,1
DA:173,1
DA:178,1
DA:179,1
DA:180,1
DA:181,1
DA:182,1
DA:183,1
DA:184,1
DA:185,1
DA:186,1
DA:187,1
DA:188,1
DA:189,1
DA:190,1
DA:191,1
DA:192,1
DA:193,1
DA:194,1
DA:195,1
DA:196,1
DA:197,1
DA:198,1
DA:199,1
DA:200,1
DA:203,1
DA:206,1
DA:207,1
DA:208,1
DA:209,1
DA:210,1
DA:211,1
DA:212,1
DA:213,1
DA:218,1
DA:221,1
DA:224,0
DA:226,1
DA:227,1
DA:230,0
DA:232,1
DA:235,1
DA:238,0
DA:240,1
DA:241,1
DA:244,0
DA:246,1
DA:251,1
DA:254,0
DA:256,1
DA:257,1
DA:260,0
DA:262,1
DA:265,1
DA:268,0
DA:274,1
DA:275,1
DA:278,0
DA:280,1
DA:281,1
DA:284,0
DA:286,1
DA:289,1
DA:292,0
DA:294,1
DA:297,1
DA:300,0
DA:302,1
DA:306,1
DA:309,0
DA:315,1
DA:316,0
DA:318,0
DA:320,1
DA:321,0
DA:322,0
DA:326,1
DA:331,1
DA:332,1
DA:333,1
DA:336,1
LF:169
LH:141
BRDA:67,0,0,1
BRDA:67,0,1,1
BRDA:68,1,0,1
BRDA:68,1,1,1
BRDA:68,1,2,1
BRDA:94,2,0,0
BRDA:94,2,1,1
BRDA:104,3,0,0
BRDA:104,3,1,0
BRDA:121,4,0,0
BRDA:121,4,1,0
BRDA:121,5,0,0
BRDA:121,5,1,0
BRDA:121,5,2,0
BRDA:121,5,3,0
BRDA:121,5,4,0
BRDA:127,6,0,0
BRDA:127,6,1,0
BRDA:127,7,0,0
BRDA:127,7,1,0
BRDA:127,7,2,0
BRDA:224,8,0,0
BRDA:224,8,1,0
BRDA:230,9,0,0
BRDA:230,9,1,0
BRDA:238,10,0,0
BRDA:238,10,1,0
BRDA:244,11,0,0
BRDA:244,11,1,0
BRDA:254,12,0,0
BRDA:254,12,1,0
BRDA:260,13,0,0
BRDA:260,13,1,0
BRDA:268,14,0,0
BRDA:268,14,1,0
BRDA:315,15,0,0
BRDA:315,15,1,1
BRF:37
BRH:7
end_of_record
TN:
SF:/Users/jonathanspratley/Github/hackathon-starter/scratch.js
FN:6,main
FN:13,(anonymous_1)
FNF:2
FNH:0
FNDA:0,main
FNDA:0,(anonymous_1)
DA:1,0
DA:2,0
DA:3,0
DA:6,0
DA:8,0
DA:11,0
DA:12,0
DA:13,0
DA:14,0
DA:20,0
DA:25,0
DA:26,0
DA:31,0
DA:34,0
DA:35,0
DA:36,0
DA:39,0
LF:17
LH:0
BRF:0
BRH:0
end_of_record
TN:
SF:/Users/jonathanspratley/Github/hackathon-starter/config/passport.js
FN:20,(anonymous_0)
FN:24,(anonymous_1)
FN:25,(anonymous_2)
FN:33,(anonymous_3)
FN:34,(anonymous_4)
FN:42,(anonymous_5)
FN:77,(anonymous_6)
FN:79,(anonymous_7)
FN:85,(anonymous_8)
FN:92,(anonymous_9)
FN:100,(anonymous_10)
FN:114,(anonymous_11)
FN:130,(anonymous_12)
FN:132,(anonymous_13)
FN:138,(anonymous_14)
FN:145,(anonymous_15)
FN:153,(anonymous_16)
FN:158,(anonymous_17)
FN:172,(anonymous_18)
FN:190,(anonymous_19)
FN:192,(anonymous_20)
FN:197,(anonymous_21)
FN:205,(anonymous_22)
FN:213,(anonymous_23)
FN:218,(anonymous_24)
FN:232,(anonymous_25)
FN:249,(anonymous_26)
FN:251,(anonymous_27)
FN:257,(anonymous_28)
FN:264,(anonymous_29)
FN:273,(anonymous_30)
FN:288,(anonymous_31)
FN:303,(anonymous_32)
FN:305,(anonymous_33)
FN:311,(anonymous_34)
FN:323,(anonymous_35)
FN:331,(anonymous_36)
FN:336,(anonymous_37)
FN:354,(anonymous_38)
FN:374,(anonymous_39)
FN:376,(anonymous_40)
FN:382,(anonymous_41)
FN:388,(anonymous_42)
FN:397,(anonymous_43)
FN:402,(anonymous_44)
FN:414,(anonymous_45)
FN:431,(anonymous_46)
FN:433,(anonymous_47)
FN:439,(anonymous_48)
FN:446,(anonymous_49)
FN:454,(anonymous_50)
FN:469,(anonymous_51)
FN:488,(anonymous_52)
FN:489,(anonymous_53)
FN:492,(anonymous_54)
FN:509,(anonymous_55)
FN:510,(anonymous_56)
FN:513,(anonymous_57)
FN:529,(anonymous_58)
FN:534,(anonymous_59)
FN:540,(anonymous_60)
FN:545,(anonymous_61)
FN:549,(anonymous_62)
FN:553,(anonymous_63)
FN:554,(anonymous_64)
FN:562,(anonymous_65)
FN:570,(anonymous_66)
FN:573,(anonymous_67)
FN:590,(anonymous_68)
FN:591,(anonymous_69)
FN:594,(anonymous_70)
FN:611,(anonymous_71)
FN:612,(anonymous_72)
FN:615,(anonymous_73)
FN:616,(anonymous_74)
FN:628,(anonymous_75)
FN:637,(anonymous_76)
FN:647,(anonymous_77)
FN:657,(anonymous_78)
FN:659,(anonymous_79)
FN:673,(anonymous_80)
FN:674,(anonymous_81)
FN:675,(anonymous_82)
FN:685,(anonymous_83)
FNF:84
FNH:0
FNDA:0,(anonymous_0)
FNDA:0,(anonymous_1)
FNDA:0,(anonymous_2)
FNDA:0,(anonymous_3)
FNDA:0,(anonymous_4)
FNDA:0,(anonymous_5)
FNDA:0,(anonymous_6)
FNDA:0,(anonymous_7)
FNDA:0,(anonymous_8)
FNDA:0,(anonymous_9)
FNDA:0,(anonymous_10)
FNDA:0,(anonymous_11)
FNDA:0,(anonymous_12)
FNDA:0,(anonymous_13)
FNDA:0,(anonymous_14)
FNDA:0,(anonymous_15)
FNDA:0,(anonymous_16)
FNDA:0,(anonymous_17)
FNDA:0,(anonymous_18)
FNDA:0,(anonymous_19)
FNDA:0,(anonymous_20)
FNDA:0,(anonymous_21)
FNDA:0,(anonymous_22)
FNDA:0,(anonymous_23)
FNDA:0,(anonymous_24)
FNDA:0,(anonymous_25)
FNDA:0,(anonymous_26)
FNDA:0,(anonymous_27)
FNDA:0,(anonymous_28)
FNDA:0,(anonymous_29)
FNDA:0,(anonymous_30)
FNDA:0,(anonymous_31)
FNDA:0,(anonymous_32)
FNDA:0,(anonymous_33)
FNDA:0,(anonymous_34)
FNDA:0,(anonymous_35)
FNDA:0,(anonymous_36)
FNDA:0,(anonymous_37)
FNDA:0,(anonymous_38)
FNDA:0,(anonymous_39)
FNDA:0,(anonymous_40)
FNDA:0,(anonymous_41)
FNDA:0,(anonymous_42)
FNDA:0,(anonymous_43)
FNDA:0,(anonymous_44)
FNDA:0,(anonymous_45)
FNDA:0,(anonymous_46)
FNDA:0,(anonymous_47)
FNDA:0,(anonymous_48)
FNDA:0,(anonymous_49)
FNDA:0,(anonymous_50)
FNDA:0,(anonymous_51)
FNDA:0,(anonymous_52)
FNDA:0,(anonymous_53)
FNDA:0,(anonymous_54)
FNDA:0,(anonymous_55)
FNDA:0,(anonymous_56)
FNDA:0,(anonymous_57)
FNDA:0,(anonymous_58)
FNDA:0,(anonymous_59)
FNDA:0,(anonymous_60)
FNDA:0,(anonymous_61)
FNDA:0,(anonymous_62)
FNDA:0,(anonymous_63)
FNDA:0,(anonymous_64)
FNDA:0,(anonymous_65)
FNDA:0,(anonymous_66)
FNDA:0,(anonymous_67)
FNDA:0,(anonymous_68)
FNDA:0,(anonymous_69)
FNDA:0,(anonymous_70)
FNDA:0,(anonymous_71)
FNDA:0,(anonymous_72)
FNDA:0,(anonymous_73)
FNDA:0,(anonymous_74)
FNDA:0,(anonymous_75)
FNDA:0,(anonymous_76)
FNDA:0,(anonymous_77)
FNDA:0,(anonymous_78)
FNDA:0,(anonymous_79)
FNDA:0,(anonymous_80)
FNDA:0,(anonymous_81)
FNDA:0,(anonymous_82)
FNDA:0,(anonymous_83)
DA:1,1
DA:2,1
DA:3,1
DA:4,1
DA:5,1
DA:6,1
DA:7,1
DA:8,1
DA:9,1
DA:10,1
DA:11,1
DA:12,1
DA:13,1
DA:14,1
DA:15,1
DA:16,1
DA:18,1
DA:20,1
DA:21,0
DA:24,1
DA:25,0
DA:26,0
DA:33,1
DA:34,0
DA:35,0
DA:36,0
DA:37,0
DA:39,0
DA:40,0
DA:42,0
DA:43,0
DA:44,0
DA:45,0
DA:47,0
DA:70,1
DA:78,0
DA:79,0
DA:80,0
DA:81,0
DA:82,0
DA:83,0
DA:85,0
DA:86,0
DA:87,0
DA:88,0
DA:89,0
DA:90,0
DA:91,0
DA:92,0
DA:93,0
DA:94,0
DA:100,0
DA:101,0
DA:102,0
DA:103,0
DA:105,0
DA:109,0
DA:110,0
DA:111,0
DA:112,0
DA:113,0
DA:114,0
DA:115,0
DA:124,1
DA:131,0
DA:132,0
DA:133,0
DA:134,0
DA:135,0
DA:136,0
DA:138,0
DA:139,0
DA:140,0
DA:141,0
DA:142,0
DA:143,0
DA:144,0
DA:145,0
DA:146,0
DA:147,0
DA:153,0
DA:154,0
DA:155,0
DA:156,0
DA:158,0
DA:159,0
DA:160,0
DA:161,0
DA:162,0
DA:164,0
DA:165,0
DA:166,0
DA:167,0
DA:168,0
DA:169,0
DA:170,0
DA:171,0
DA:172,0
DA:173,0
DA:184,1
DA:191,0
DA:192,0
DA:193,0
DA:194,0
DA:195,0
DA:197,0
DA:198,0
DA:199,0
DA:200,0
DA:201,0
DA:202,0
DA:203,0
DA:204,0
DA:205,0
DA:206,0
DA:207,0
DA:213,0
DA:214,0
DA:215,0
DA:216,0
DA:218,0
DA:219,0
DA:220,0
DA:221,0
DA:222,0
DA:224,0
DA:225,0
DA:226,0
DA:227,0
DA:228,0
DA:229,0
DA:230,0
DA:231,0
DA:232,0
DA:233,0
DA:244,1
DA:250,0
DA:251,0
DA:252,0
DA:253,0
DA:254,0
DA:255,0
DA:257,0
DA:258,0
DA:259,0
DA:260,0
DA:261,0
DA:262,0
DA:263,0
DA:264,0
DA:265,0
DA:266,0
DA:267,0
DA:273,0
DA:274,0
DA:275,0
DA:276,0
DA:278,0
DA:282,0
DA:283,0
DA:284,0
DA:285,0
DA:286,0
DA:287,0
DA:288,0
DA:289,0
DA:298,1
DA:304,0
DA:305,0
DA:306,0
DA:307,0
DA:308,0
DA:309,0
DA:311,0
DA:312,0
DA:313,0
DA:314,0
DA:320,0
DA:321,0
DA:322,0
DA:323,0
DA:324,0
DA:325,0
DA:331,0
DA:332,0
DA:333,0
DA:334,0
DA:336,0
DA:337,0
DA:338,0
DA:339,0
DA:340,0
DA:342,0
DA:343,0
DA:344,0
DA:345,0
DA:351,0
DA:352,0
DA:353,0
DA:354,0
DA:355,0
DA:362,1
DA:363,1
DA:368,1
DA:375,0
DA:376,0
DA:377,0
DA:378,0
DA:379,0
DA:380,0
DA:382,0
DA:383,0
DA:384,0
DA:385,0
DA:386,0
DA:387,0
DA:388,0
DA:389,0
DA:390,0
DA:391,0
DA:397,0
DA:398,0
DA:399,0
DA:400,0
DA:402,0
DA:403,0
DA:404,0
DA:405,0
DA:406,0
DA:408,0
DA:409,0
DA:410,0
DA:411,0
DA:412,0
DA:413,0
DA:414,0
DA:415,0
DA:426,1
DA:432,0
DA:433,0
DA:434,0
DA:435,0
DA:436,0
DA:437,0
DA:439,0
DA:440,0
DA:441,0
DA:442,0
DA:443,0
DA:444,0
DA:445,0
DA:446,0
DA:447,0
DA:448,0
DA:454,0
DA:455,0
DA:456,0
DA:457,0
DA:459,0
DA:460,0
DA:461,0
DA:462,0
DA:466,0
DA:467,0
DA:468,0
DA:469,0
DA:470,0
DA:479,1
DA:489,0
DA:490,0
DA:491,0
DA:492,0
DA:493,0
DA:501,1
DA:510,0
DA:511,0
DA:512,0
DA:513,0
DA:514,0
DA:522,1
DA:530,0
DA:531,0
DA:533,0
DA:534,0
DA:535,0
DA:536,0
DA:537,0
DA:538,0
DA:540,0
DA:541,0
DA:542,0
DA:543,0
DA:544,0
DA:546,0
DA:547,0
DA:548,0
DA:549,0
DA:550,0
DA:554,0
DA:555,0
DA:561,0
DA:563,0
DA:564,0
DA:565,0
DA:566,0
DA:567,0
DA:568,0
DA:569,0
DA:570,0
DA:571,0
DA:574,0
DA:582,1
DA:591,0
DA:592,0
DA:593,0
DA:594,0
DA:595,0
DA:603,1
DA:612,0
DA:613,0
DA:614,0
DA:615,0
DA:616,0
DA:617,0
DA:618,0
DA:619,0
DA:620,0
DA:621,0
DA:622,0
DA:623,0
DA:625,0
DA:627,0
DA:628,0
DA:630,0
DA:637,0
DA:641,1
DA:642,1
DA:647,1
DA:648,0
DA:649,0
DA:651,0
DA:657,1
DA:658,0
DA:659,0
DA:660,0
DA:668,0
DA:669,0
DA:670,0
DA:671,0
DA:673,0
DA:674,0
DA:675,0
DA:676,0
DA:677,0
DA:678,0
DA:679,0
DA:681,0
DA:683,0
DA:684,0
DA:685,0
DA:686,0
DA:687,0
DA:693,0
DA:696,0
DA:699,0
LF:365
LH:38
BRDA:35,0,0,0
BRDA:35,0,1,0
BRDA:36,1,0,0
BRDA:36,1,1,0
BRDA:39,2,0,0
BRDA:39,2,1,0
BRDA:43,3,0,0
BRDA:43,3,1,0
BRDA:44,4,0,0
BRDA:44,4,1,0
BRDA:78,5,0,0
BRDA:78,5,1,0
BRDA:80,6,0,0
BRDA:80,6,1,0
BRDA:81,7,0,0
BRDA:81,7,1,0
BRDA:86,8,0,0
BRDA:86,8,1,0
BRDA:89,9,0,0
BRDA:89,9,1,0
BRDA:91,10,0,0
BRDA:91,10,1,0
BRDA:101,11,0,0
BRDA:101,11,1,0
BRDA:102,12,0,0
BRDA:102,12,1,0
BRDA:131,13,0,0
BRDA:131,13,1,0
BRDA:133,14,0,0
BRDA:133,14,1,0
BRDA:134,15,0,0
BRDA:134,15,1,0
BRDA:139,16,0,0
BRDA:139,16,1,0
BRDA:142,17,0,0
BRDA:142,17,1,0
BRDA:143,18,0,0
BRDA:143,18,1,0
BRDA:144,19,0,0
BRDA:144,19,1,0
BRDA:154,20,0,0
BRDA:154,20,1,0
BRDA:155,21,0,0
BRDA:155,21,1,0
BRDA:159,22,0,0
BRDA:159,22,1,0
BRDA:160,23,0,0
BRDA:160,23,1,0
BRDA:171,24,0,0
BRDA:171,24,1,0
BRDA:191,25,0,0
BRDA:191,25,1,0
BRDA:193,26,0,0
BRDA:193,26,1,0
BRDA:198,27,0,0
BRDA:198,27,1,0
BRDA:201,28,0,0
BRDA:201,28,1,0
BRDA:202,29,0,0
BRDA:202,29,1,0
BRDA:203,30,0,0
BRDA:203,30,1,0
BRDA:204,31,0,0
BRDA:204,31,1,0
BRDA:214,32,0,0
BRDA:214,32,1,0
BRDA:215,33,0,0
BRDA:215,33,1,0
BRDA:219,34,0,0
BRDA:219,34,1,0
BRDA:220,35,0,0
BRDA:220,35,1,0
BRDA:250,36,0,0
BRDA:250,36,1,0
BRDA:252,37,0,0
BRDA:252,37,1,0
BRDA:253,38,0,0
BRDA:253,38,1,0
BRDA:258,39,0,0
BRDA:258,39,1,0
BRDA:261,40,0,0
BRDA:261,40,1,0
BRDA:262,41,0,0
BRDA:262,41,1,0
BRDA:263,42,0,0
BRDA:263,42,1,0
BRDA:265,43,0,0
BRDA:265,43,1,0
BRDA:274,44,0,0
BRDA:274,44,1,0
BRDA:275,45,0,0
BRDA:275,45,1,0
BRDA:304,46,0,0
BRDA:304,46,1,0
BRDA:306,47,0,0
BRDA:306,47,1,0
BRDA:307,48,0,0
BRDA:307,48,1,0
BRDA:307,49,0,0
BRDA:307,49,1,0
BRDA:312,50,0,0
BRDA:312,50,1,0
BRDA:320,51,0,0
BRDA:320,51,1,0
BRDA:321,52,0,0
BRDA:321,52,1,0
BRDA:322,53,0,0
BRDA:322,53,1,0
BRDA:332,54,0,0
BRDA:332,54,1,0
BRDA:333,55,0,0
BRDA:333,55,1,0
BRDA:337,56,0,0
BRDA:337,56,1,0
BRDA:338,57,0,0
BRDA:338,57,1,0
BRDA:375,58,0,0
BRDA:375,58,1,0
BRDA:377,59,0,0
BRDA:377,59,1,0
BRDA:378,60,0,0
BRDA:378,60,1,0
BRDA:383,61,0,0
BRDA:383,61,1,0
BRDA:386,62,0,0
BRDA:386,62,1,0
BRDA:387,63,0,0
BRDA:387,63,1,0
BRDA:389,64,0,0
BRDA:389,64,1,0
BRDA:398,65,0,0
BRDA:398,65,1,0
BRDA:399,66,0,0
BRDA:399,66,1,0
BRDA:403,67,0,0
BRDA:403,67,1,0
BRDA:404,68,0,0
BRDA:404,68,1,0
BRDA:413,69,0,0
BRDA:413,69,1,0
BRDA:432,70,0,0
BRDA:432,70,1,0
BRDA:434,71,0,0
BRDA:434,71,1,0
BRDA:435,72,0,0
BRDA:435,72,1,0
BRDA:440,73,0,0
BRDA:440,73,1,0
BRDA:443,74,0,0
BRDA:443,74,1,0
BRDA:444,75,0,0
BRDA:444,75,1,0
BRDA:445,76,0,0
BRDA:445,76,1,0
BRDA:455,77,0,0
BRDA:455,77,1,0
BRDA:456,78,0,0
BRDA:456,78,1,0
BRDA:490,79,0,0
BRDA:490,79,1,0
BRDA:511,80,0,0
BRDA:511,80,1,0
BRDA:533,81,0,0
BRDA:533,81,1,0
BRDA:535,82,0,0
BRDA:535,82,1,0
BRDA:536,83,0,0
BRDA:536,83,1,0
BRDA:541,84,0,0
BRDA:541,84,1,0
BRDA:547,85,0,0
BRDA:547,85,1,0
BRDA:548,86,0,0
BRDA:548,86,1,0
BRDA:592,87,0,0
BRDA:592,87,1,0
BRDA:613,88,0,0
BRDA:613,88,1,0
BRDA:615,89,0,0
BRDA:615,89,1,0
BRDA:617,90,0,0
BRDA:617,90,1,0
BRDA:622,91,0,0
BRDA:622,91,1,0
BRDA:648,92,0,0
BRDA:648,92,1,0
BRDA:660,93,0,0
BRDA:660,93,1,0
BRDA:668,94,0,0
BRDA:668,94,1,0
BRDA:668,95,0,0
BRDA:668,95,1,0
BRDA:669,96,0,0
BRDA:669,96,1,0
BRDA:670,97,0,0
BRDA:670,97,1,0
BRDA:670,98,0,0
BRDA:670,98,1,0
BRDA:676,99,0,0
BRDA:676,99,1,0
BRDA:678,100,0,0
BRDA:678,100,1,0
BRDA:686,101,0,0
BRDA:686,101,1,0
BRF:204
BRH:0
end_of_record
TN:
SF:/Users/jonathanspratley/Github/hackathon-starter/controllers/api.js
FN:24,(anonymous_0)
FN:34,(anonymous_1)
FN:35,(anonymous_2)
FN:44,(anonymous_3)
FN:55,(anonymous_4)
FN:64,(anonymous_5)
FN:65,(anonymous_6)
FN:72,(anonymous_7)
FN:86,(anonymous_8)
FN:87,(anonymous_9)
FN:89,(anonymous_10)
FN:102,(anonymous_11)
FN:104,(anonymous_12)
FN:107,(anonymous_13)
FN:115,(anonymous_14)
FN:122,(anonymous_15)
FN:135,(anonymous_16)
FN:136,(anonymous_17)
FN:141,(anonymous_18)
FN:153,(anonymous_19)
FN:156,(anonymous_20)
FN:163,(anonymous_21)
FN:173,(anonymous_22)
FN:178,(anonymous_23)
FN:179,(anonymous_24)
FN:188,(anonymous_25)
FN:189,(anonymous_26)
FN:193,(anonymous_27)
FN:200,(anonymous_28)
FN:201,(anonymous_29)
FN:205,(anonymous_30)
FN:256,(anonymous_31)
FN:257,(anonymous_32)
FN:283,(anonymous_33)
FN:293,(anonymous_34)
FN:300,(anonymous_35)
FN:311,(anonymous_36)
FN:316,(anonymous_37)
FN:323,(anonymous_38)
FN:326,(anonymous_39)
FN:338,(anonymous_40)
FN:346,(anonymous_41)
FN:356,(anonymous_42)
FN:360,(anonymous_43)
FN:361,(anonymous_44)
FN:363,(anonymous_45)
FN:368,(anonymous_46)
FN:369,(anonymous_47)
FN:390,(anonymous_48)
FN:401,(anonymous_49)
FN:408,(anonymous_50)
FN:422,(anonymous_51)
FN:432,(anonymous_52)
FN:448,(anonymous_53)
FN:458,(anonymous_54)
FN:468,(anonymous_55)
FN:474,(anonymous_56)
FN:486,(anonymous_57)
FN:489,(anonymous_58)
FN:508,(anonymous_59)
FN:517,(anonymous_60)
FN:518,(anonymous_61)
FN:537,(anonymous_62)
FN:562,(anonymous_63)
FN:580,(anonymous_64)
FN:583,(anonymous_65)
FN:595,(anonymous_66)
FN:607,(anonymous_67)
FN:627,(anonymous_68)
FN:628,(anonymous_69)
FN:629,(anonymous_70)
FN:631,(anonymous_71)
FN:642,(anonymous_72)
FN:643,(anonymous_73)
FN:663,(anonymous_74)
FN:669,(anonymous_75)
FN:678,(anonymous_76)
FN:679,(anonymous_77)
FN:681,(anonymous_78)
FN:687,(anonymous_79)
FN:695,(anonymous_80)
FN:707,(anonymous_81)
FN:716,(anonymous_82)
FN:720,(anonymous_83)
FN:726,(anonymous_84)
FN:746,(anonymous_85)
FN:753,(anonymous_86)
FN:754,(anonymous_87)
FN:769,(anonymous_88)
FN:778,(anonymous_89)
FN:779,(anonymous_90)
FN:799,(anonymous_91)
FNF:92
FNH:0
FNDA:0,(anonymous_0)
FNDA:0,(anonymous_1)
FNDA:0,(anonymous_2)
FNDA:0,(anonymous_3)
FNDA:0,(anonymous_4)
FNDA:0,(anonymous_5)
FNDA:0,(anonymous_6)
FNDA:0,(anonymous_7)
FNDA:0,(anonymous_8)
FNDA:0,(anonymous_9)
FNDA:0,(anonymous_10)
FNDA:0,(anonymous_11)
FNDA:0,(anonymous_12)
FNDA:0,(anonymous_13)
FNDA:0,(anonymous_14)
FNDA:0,(anonymous_15)
FNDA:0,(anonymous_16)
FNDA:0,(anonymous_17)
FNDA:0,(anonymous_18)
FNDA:0,(anonymous_19)
FNDA:0,(anonymous_20)
FNDA:0,(anonymous_21)
FNDA:0,(anonymous_22)
FNDA:0,(anonymous_23)
FNDA:0,(anonymous_24)
FNDA:0,(anonymous_25)
FNDA:0,(anonymous_26)
FNDA:0,(anonymous_27)
FNDA:0,(anonymous_28)
FNDA:0,(anonymous_29)
FNDA:0,(anonymous_30)
FNDA:0,(anonymous_31)
FNDA:0,(anonymous_32)
FNDA:0,(anonymous_33)
FNDA:0,(anonymous_34)
FNDA:0,(anonymous_35)
FNDA:0,(anonymous_36)
FNDA:0,(anonymous_37)
FNDA:0,(anonymous_38)
FNDA:0,(anonymous_39)
FNDA:0,(anonymous_40)
FNDA:0,(anonymous_41)
FNDA:0,(anonymous_42)
FNDA:0,(anonymous_43)
FNDA:0,(anonymous_44)
FNDA:0,(anonymous_45)
FNDA:0,(anonymous_46)
FNDA:0,(anonymous_47)
FNDA:0,(anonymous_48)
FNDA:0,(anonymous_49)
FNDA:0,(anonymous_50)
FNDA:0,(anonymous_51)
FNDA:0,(anonymous_52)
FNDA:0,(anonymous_53)
FNDA:0,(anonymous_54)
FNDA:0,(anonymous_55)
FNDA:0,(anonymous_56)
FNDA:0,(anonymous_57)
FNDA:0,(anonymous_58)
FNDA:0,(anonymous_59)
FNDA:0,(anonymous_60)
FNDA:0,(anonymous_61)
FNDA:0,(anonymous_62)
FNDA:0,(anonymous_63)
FNDA:0,(anonymous_64)
FNDA:0,(anonymous_65)
FNDA:0,(anonymous_66)
FNDA:0,(anonymous_67)
FNDA:0,(anonymous_68)
FNDA:0,(anonymous_69)
FNDA:0,(anonymous_70)
FNDA:0,(anonymous_71)
FNDA:0,(anonymous_72)
FNDA:0,(anonymous_73)
FNDA:0,(anonymous_74)
FNDA:0,(anonymous_75)
FNDA:0,(anonymous_76)
FNDA:0,(anonymous_77)
FNDA:0,(anonymous_78)
FNDA:0,(anonymous_79)
FNDA:0,(anonymous_80)
FNDA:0,(anonymous_81)
FNDA:0,(anonymous_82)
FNDA:0,(anonymous_83)
FNDA:0,(anonymous_84)
FNDA:0,(anonymous_85)
FNDA:0,(anonymous_86)
FNDA:0,(anonymous_87)
FNDA:0,(anonymous_88)
FNDA:0,(anonymous_89)
FNDA:0,(anonymous_90)
FNDA:0,(anonymous_91)
DA:1,1
DA:2,1
DA:3,1
DA:4,1
DA:5,1
DA:6,1
DA:7,1
DA:8,1
DA:9,1
DA:10,1
DA:11,1
DA:12,1
DA:13,1
DA:14,1
DA:15,1
DA:16,1
DA:18,1
DA:24,1
DA:25,0
DA:34,1
DA:35,0
DA:39,0
DA:45,0
DA:46,0
DA:47,0
DA:48,0
DA:56,0
DA:64,1
DA:65,0
DA:66,0
DA:72,0
DA:73,0
DA:74,0
DA:86,1
DA:87,0
DA:88,0
DA:89,0
DA:90,0
DA:91,0
DA:102,1
DA:103,0
DA:105,0
DA:106,0
DA:107,0
DA:108,0
DA:110,0
DA:115,0
DA:122,1
DA:123,0
DA:124,0
DA:125,0
DA:126,0
DA:131,0
DA:135,1
DA:136,0
DA:138,0
DA:141,0
DA:142,0
DA:153,1
DA:154,0
DA:155,0
DA:157,0
DA:158,0
DA:164,0
DA:165,0
DA:173,1
DA:174,0
DA:178,0
DA:179,0
DA:180,0
DA:188,0
DA:189,0
DA:190,0
DA:194,0
DA:200,0
DA:201,0
DA:202,0
DA:206,0
DA:212,0
DA:213,0
DA:214,0
DA:215,0
DA:216,0
DA:226,0
DA:231,0
DA:232,0
DA:234,0
DA:237,0
DA:240,0
DA:242,0
DA:247,0
DA:256,1
DA:257,0
DA:258,0
DA:264,0
DA:265,0
DA:270,0
DA:275,0
DA:283,1
DA:284,0
DA:286,0
DA:288,0
DA:289,0
DA:290,0
DA:293,0
DA:294,0
DA:300,0
DA:301,0
DA:302,0
DA:303,0
DA:311,1
DA:312,0
DA:313,0
DA:316,0
DA:317,0
DA:318,0
DA:319,0
DA:320,0
DA:323,0
DA:324,0
DA:325,0
DA:328,0
DA:329,0
DA:332,0
DA:333,0
DA:335,0
DA:336,0
DA:337,0
DA:340,0
DA:341,0
DA:343,0
DA:347,0
DA:349,0
DA:350,0
DA:353,0
DA:356,0
DA:357,0
DA:358,0
DA:359,0
DA:360,0
DA:361,0
DA:363,0
DA:364,0
DA:365,0
DA:366,0
DA:367,0
DA:368,0
DA:369,0
DA:371,0
DA:372,0
DA:373,0
DA:374,0
DA:375,0
DA:382,0
DA:390,1
DA:391,0
DA:401,1
DA:402,0
DA:403,0
DA:409,0
DA:410,0
DA:411,0
DA:413,0
DA:414,0
DA:422,1
DA:423,0
DA:432,1
DA:433,0
DA:434,0
DA:436,0
DA:438,0
DA:439,0
DA:440,0
DA:443,0
DA:448,0
DA:449,0
DA:450,0
DA:458,1
DA:459,0
DA:468,1
DA:469,0
DA:474,0
DA:475,0
DA:476,0
DA:477,0
DA:486,1
DA:487,0
DA:488,0
DA:490,0
DA:491,0
DA:492,0
DA:493,0
DA:494,0
DA:495,0
DA:496,0
DA:499,0
DA:500,0
DA:501,0
DA:502,0
DA:503,0
DA:509,0
DA:517,1
DA:518,0
DA:519,0
DA:520,0
DA:521,0
DA:522,0
DA:523,0
DA:524,0
DA:529,0
DA:537,1
DA:538,0
DA:544,0
DA:562,0
DA:563,0
DA:564,0
DA:565,0
DA:566,0
DA:567,0
DA:568,0
DA:580,1
DA:581,0
DA:582,0
DA:583,0
DA:584,0
DA:595,1
DA:596,0
DA:597,0
DA:607,1
DA:609,0
DA:610,0
DA:617,0
DA:627,0
DA:628,0
DA:629,0
DA:631,0
DA:642,0
DA:643,0
DA:645,0
DA:646,0
DA:647,0
DA:648,0
DA:654,0
DA:663,1
DA:664,0
DA:669,1
DA:670,0
DA:671,0
DA:678,1
DA:679,0
DA:680,0
DA:682,0
DA:688,0
DA:695,1
DA:696,0
DA:697,0
DA:698,0
DA:700,0
DA:702,0
DA:703,0
DA:704,0
DA:707,0
DA:708,0
DA:715,0
DA:717,0
DA:718,0
DA:721,0
DA:722,0
DA:726,1
DA:727,0
DA:738,0
DA:746,1
DA:747,0
DA:753,1
DA:754,0
DA:755,0
DA:758,0
DA:762,0
DA:767,0
DA:770,0
DA:771,0
DA:778,1
DA:779,0
DA:780,0
DA:783,0
DA:787,0
DA:792,0
DA:793,0
DA:794,0
DA:796,0
DA:800,0
DA:801,0
LF:292
LH:49
BRDA:73,0,0,0
BRDA:73,0,1,0
BRDA:90,1,0,0
BRDA:90,1,1,0
BRDA:218,2,0,0
BRDA:218,2,1,0
BRDA:219,3,0,0
BRDA:219,3,1,0
BRDA:220,4,0,0
BRDA:220,4,1,0
BRDA:222,5,0,0
BRDA:222,5,1,0
BRDA:231,6,0,0
BRDA:231,6,1,0
BRDA:234,7,0,0
BRDA:234,7,1,0
BRDA:288,8,0,0
BRDA:288,8,1,0
BRDA:301,9,0,0
BRDA:301,9,1,0
BRDA:328,10,0,0
BRDA:328,10,1,0
BRDA:332,11,0,0
BRDA:332,11,1,0
BRDA:340,12,0,0
BRDA:340,12,1,0
BRDA:347,13,0,0
BRDA:347,13,1,0
BRDA:349,14,0,0
BRDA:349,14,1,0
BRDA:409,15,0,0
BRDA:409,15,1,0
BRDA:409,16,0,0
BRDA:409,16,1,0
BRDA:438,17,0,0
BRDA:438,17,1,0
BRDA:475,18,0,0
BRDA:475,18,1,0
BRDA:563,19,0,0
BRDA:563,19,1,0
BRDA:567,20,0,0
BRDA:567,20,1,0
BRDA:609,21,0,0
BRDA:609,21,1,0
BRDA:702,22,0,0
BRDA:702,22,1,0
BRDA:770,23,0,0
BRDA:770,23,1,0
BRDA:800,24,0,0
BRDA:800,24,1,0
BRF:50
BRH:0
end_of_record
TN:
SF:/Users/jonathanspratley/Github/hackathon-starter/controllers/book.js
FN:8,(anonymous_0)
FN:9,(anonymous_1)
FNF:2
FNH:0
FNDA:0,(anonymous_0)
FNDA:0,(anonymous_1)
DA:6,0
DA:8,0
DA:9,0
DA:10,0
LF:4
LH:0
BRF:0
BRH:0
end_of_record
TN:
SF:/Users/jonathanspratley/Github/hackathon-starter/controllers/contact.js
FN:8,(anonymous_0)
FN:21,(anonymous_1)
FN:59,(anonymous_2)
FN:63,(anonymous_3)
FN:82,(anonymous_4)
FN:88,(anonymous_5)
FNF:6
FNH:0
FNDA:0,(anonymous_0)
FNDA:0,(anonymous_1)
FNDA:0,(anonymous_2)
FNDA:0,(anonymous_3)
FNDA:0,(anonymous_4)
FNDA:0,(anonymous_5)
DA:1,1
DA:2,1
DA:8,1
DA:9,0
DA:11,0
DA:21,1
DA:22,0
DA:25,0
DA:26,0
DA:27,0
DA:29,0
DA:31,0
DA:32,0
DA:33,0
DA:36,0
DA:37,0
DA:38,0
DA:40,0
DA:41,0
DA:44,0
DA:51,0
DA:58,0
DA:60,0
DA:61,0
DA:64,0
DA:65,0
DA:66,0
DA:76,0
DA:78,0
DA:79,0
DA:80,0
DA:83,0
DA:84,0
DA:85,0
DA:89,0
DA:90,0
DA:91,0
LF:37
LH:4
BRDA:25,0,0,0
BRDA:25,0,1,0
BRDA:26,1,0,0
BRDA:26,1,1,0
BRDA:27,2,0,0
BRDA:27,2,1,0
BRDA:29,3,0,0
BRDA:29,3,1,0
BRDA:31,4,0,0
BRDA:31,4,1,0
BRDA:36,5,0,0
BRDA:36,5,1,0
BRDA:40,6,0,0
BRDA:40,6,1,0
BRDA:64,7,0,0
BRDA:64,7,1,0
BRDA:83,8,0,0
BRDA:83,8,1,0
BRF:18
BRH:0
end_of_record
TN:
SF:/Users/jonathanspratley/Github/hackathon-starter/controllers/home.js
FN:5,(anonymous_0)
FNF:1
FNH:0
FNDA:0,(anonymous_0)
DA:5,1
DA:6,0
LF:2
LH:1
BRF:0
BRH:0
end_of_record
TN:
SF:/Users/jonathanspratley/Github/hackathon-starter/controllers/user.js
FN:16,(anonymous_0)
FN:29,(anonymous_1)
FN:40,(anonymous_2)
FN:46,(anonymous_3)
FN:58,(anonymous_4)
FN:60,(anonymous_5)
FN:71,(anonymous_6)
FN:84,(anonymous_7)
FN:101,(anonymous_8)
FN:107,(anonymous_9)
FN:109,(anonymous_10)
FN:123,(anonymous_11)
FN:133,(anonymous_12)
FN:143,(anonymous_13)
FN:151,(anonymous_14)
FN:169,(anonymous_15)
FN:179,(anonymous_16)
FN:182,(anonymous_17)
FN:194,(anonymous_18)
FN:195,(anonymous_19)
FN:207,(anonymous_20)
FN:209,(anonymous_21)
FN:212,(anonymous_22)
FN:228,(anonymous_23)
FN:240,(anonymous_24)
FN:254,(anonymous_25)
FN:270,(anonymous_26)
FN:286,(anonymous_27)
FN:297,(anonymous_28)
FN:309,(anonymous_29)
FN:321,(anonymous_30)
FN:323,(anonymous_31)
FN:326,(anonymous_32)
FN:333,(anonymous_33)
FN:352,(anonymous_34)
FN:355,(anonymous_35)
FN:369,(anonymous_36)
FN:382,(anonymous_37)
FN:390,(anonymous_38)
FN:401,(anonymous_39)
FN:405,(anonymous_40)
FN:413,(anonymous_41)
FN:413,(anonymous_42)
FN:414,(anonymous_43)
FN:421,(anonymous_44)
FN:437,(anonymous_45)
FN:440,(anonymous_46)
FN:454,(anonymous_47)
FN:466,(anonymous_48)
FN:467,(anonymous_49)
FN:474,(anonymous_50)
FN:487,(anonymous_51)
FN:498,(anonymous_52)
FN:500,(anonymous_53)
FN:503,(anonymous_54)
FN:514,(anonymous_55)
FN:534,(anonymous_56)
FN:537,(anonymous_57)
FN:551,(anonymous_58)
FN:564,(anonymous_59)
FNF:60
FNH:0
FNDA:0,(anonymous_0)
FNDA:0,(anonymous_1)
FNDA:0,(anonymous_2)
FNDA:0,(anonymous_3)
FNDA:0,(anonymous_4)
FNDA:0,(anonymous_5)
FNDA:0,(anonymous_6)
FNDA:0,(anonymous_7)
FNDA:0,(anonymous_8)
FNDA:0,(anonymous_9)
FNDA:0,(anonymous_10)
FNDA:0,(anonymous_11)
FNDA:0,(anonymous_12)
FNDA:0,(anonymous_13)
FNDA:0,(anonymous_14)
FNDA:0,(anonymous_15)
FNDA:0,(anonymous_16)
FNDA:0,(anonymous_17)
FNDA:0,(anonymous_18)
FNDA:0,(anonymous_19)
FNDA:0,(anonymous_20)
FNDA:0,(anonymous_21)
FNDA:0,(anonymous_22)
FNDA:0,(anonymous_23)
FNDA:0,(anonymous_24)
FNDA:0,(anonymous_25)
FNDA:0,(anonymous_26)
FNDA:0,(anonymous_27)
FNDA:0,(anonymous_28)
FNDA:0,(anonymous_29)
FNDA:0,(anonymous_30)
FNDA:0,(anonymous_31)
FNDA:0,(anonymous_32)
FNDA:0,(anonymous_33)
FNDA:0,(anonymous_34)
FNDA:0,(anonymous_35)
FNDA:0,(anonymous_36)
FNDA:0,(anonymous_37)
FNDA:0,(anonymous_38)
FNDA:0,(anonymous_39)
FNDA:0,(anonymous_40)
FNDA:0,(anonymous_41)
FNDA:0,(anonymous_42)
FNDA:0,(anonymous_43)
FNDA:0,(anonymous_44)
FNDA:0,(anonymous_45)
FNDA:0,(anonymous_46)
FNDA:0,(anonymous_47)
FNDA:0,(anonymous_48)
FNDA:0,(anonymous_49)
FNDA:0,(anonymous_50)
FNDA:0,(anonymous_51)
FNDA:0,(anonymous_52)
FNDA:0,(anonymous_53)
FNDA:0,(anonymous_54)
FNDA:0,(anonymous_55)
FNDA:0,(anonymous_56)
FNDA:0,(anonymous_57)
FNDA:0,(anonymous_58)
FNDA:0,(anonymous_59)
DA:1,1
DA:2,1
DA:3,1
DA:4,1
DA:5,1
DA:6,1
DA:7,1
DA:8,1
DA:10,1
DA:16,1
DA:17,0
DA:18,0
DA:20,0
DA:29,1
DA:30,0
DA:31,0
DA:32,0
DA:34,0
DA:35,0
DA:36,0
DA:38,0
DA:40,0
DA:41,0
DA:42,0
DA:43,0
DA:44,0
DA:46,0
DA:47,0
DA:48,0
DA:49,0
DA:58,1
DA:59,0
DA:60,0
DA:61,0
DA:62,0
DA:63,0
DA:71,1
DA:72,0
DA:73,0
DA:75,0
DA:84,1
DA:85,0
DA:86,0
DA:87,0
DA:88,0
DA:90,0
DA:91,0
DA:92,0
DA:94,0
DA:96,0
DA:101,0
DA:102,0
DA:103,0
DA:104,0
DA:105,0
DA:107,0
DA:108,0
DA:109,0
DA:110,0
DA:111,0
DA:113,0
DA:123,1
DA:124,0
DA:133,1
DA:134,0
DA:135,0
DA:137,0
DA:138,0
DA:139,0
DA:141,0
DA:143,0
DA:144,0
DA:145,0
DA:146,0
DA:147,0
DA:148,0
DA:149,0
DA:150,0
DA:151,0
DA:152,0
DA:153,0
DA:154,0
DA:155,0
DA:157,0
DA:159,0
DA:160,0
DA:169,1
DA:170,0
DA:171,0
DA:172,0
DA:174,0
DA:175,0
DA:176,0
DA:179,0
DA:180,0
DA:181,0
DA:182,0
DA:183,0
DA:184,0
DA:185,0
DA:194,1
DA:195,0
DA:196,0
DA:197,0
DA:198,0
DA:199,0
DA:207,1
DA:208,0
DA:209,0
DA:210,0
DA:211,0
DA:212,0
DA:213,0
DA:217,0
DA:221,0
DA:225,0
DA:227,0
DA:228,0
DA:229,0
DA:230,0
DA:231,0
DA:240,1
DA:241,0
DA:242,0
DA:244,0
DA:245,0
DA:246,0
DA:247,0
DA:248,0
DA:251,0
DA:255,0
DA:256,0
DA:257,0
DA:258,0
DA:260,0
DA:270,1
DA:271,0
DA:272,0
DA:273,0
DA:276,0
DA:277,0
DA:278,0
DA:279,0
DA:280,0
DA:283,0
DA:284,0
DA:287,0
DA:288,0
DA:289,0
DA:291,0
DA:292,0
DA:293,0
DA:294,0
DA:295,0
DA:298,0
DA:299,0
DA:300,0
DA:309,1
DA:310,0
DA:311,0
DA:312,0
DA:315,0
DA:316,0
DA:317,0
DA:320,0
DA:321,0
DA:323,0
DA:324,0
DA:327,0
DA:328,0
DA:330,0
DA:333,0
DA:334,0
DA:341,0
DA:351,0
DA:353,0
DA:356,0
DA:357,0
DA:358,0
DA:368,0
DA:370,0
DA:373,0
DA:374,0
DA:375,0
DA:379,0
DA:382,0
DA:390,1
DA:391,0
DA:392,0
DA:393,0
DA:394,0
DA:396,0
DA:397,0
DA:398,0
DA:401,0
DA:402,0
DA:406,0
DA:407,0
DA:408,0
DA:410,0
DA:411,0
DA:412,0
DA:413,0
DA:414,0
DA:415,0
DA:416,0
DA:421,0
DA:422,0
DA:423,0
DA:430,0
DA:436,0
DA:438,0
DA:441,0
DA:442,0
DA:443,0
DA:453,0
DA:455,0
DA:458,0
DA:459,0
DA:460,0
DA:464,0
DA:466,0
DA:467,0
DA:474,1
DA:475,0
DA:476,0
DA:478,0
DA:487,1
DA:488,0
DA:489,0
DA:491,0
DA:492,0
DA:493,0
DA:495,0
DA:497,0
DA:498,0
DA:500,0
DA:501,0
DA:504,0
DA:505,0
DA:507,0
DA:508,0
DA:509,0
DA:511,0
DA:514,0
DA:515,0
DA:516,0
DA:517,0
DA:524,0
DA:533,0
DA:535,0
DA:538,0
DA:539,0
DA:540,0
DA:550,0
DA:552,0
DA:555,0
DA:556,0
DA:557,0
DA:561,0
DA:564,0
LF:261
LH:25
BRDA:17,0,0,0
BRDA:17,0,1,0
BRDA:31,1,0,0
BRDA:31,1,1,0
BRDA:32,2,0,0
BRDA:32,2,1,0
BRDA:34,3,0,0
BRDA:34,3,1,0
BRDA:41,4,0,0
BRDA:41,4,1,0
BRDA:42,5,0,0
BRDA:42,5,1,0
BRDA:47,6,0,0
BRDA:47,6,1,0
BRDA:49,7,0,0
BRDA:49,7,1,0
BRDA:61,8,0,0
BRDA:61,8,1,0
BRDA:72,9,0,0
BRDA:72,9,1,0
BRDA:86,10,0,0
BRDA:86,10,1,0
BRDA:87,11,0,0
BRDA:87,11,1,0
BRDA:88,12,0,0
BRDA:88,12,1,0
BRDA:90,13,0,0
BRDA:90,13,1,0
BRDA:102,14,0,0
BRDA:102,14,1,0
BRDA:103,15,0,0
BRDA:103,15,1,0
BRDA:108,16,0,0
BRDA:108,16,1,0
BRDA:110,17,0,0
BRDA:110,17,1,0
BRDA:135,18,0,0
BRDA:135,18,1,0
BRDA:137,19,0,0
BRDA:137,19,1,0
BRDA:144,20,0,0
BRDA:144,20,1,0
BRDA:145,21,0,0
BRDA:145,21,1,0
BRDA:146,22,0,0
BRDA:146,22,1,0
BRDA:147,23,0,0
BRDA:147,23,1,0
BRDA:148,24,0,0
BRDA:148,24,1,0
BRDA:149,25,0,0
BRDA:149,25,1,0
BRDA:150,26,0,0
BRDA:150,26,1,0
BRDA:152,27,0,0
BRDA:152,27,1,0
BRDA:153,28,0,0
BRDA:153,28,1,0
BRDA:171,29,0,0
BRDA:171,29,1,0
BRDA:172,30,0,0
BRDA:172,30,1,0
BRDA:174,31,0,0
BRDA:174,31,1,0
BRDA:180,32,0,0
BRDA:180,32,1,0
BRDA:183,33,0,0
BRDA:183,33,1,0
BRDA:196,34,0,0
BRDA:196,34,1,0
BRDA:210,35,0,0
BRDA:210,35,1,0
BRDA:217,36,0,0
BRDA:217,36,1,0
BRDA:218,37,0,0
BRDA:218,37,1,0
BRDA:218,38,0,0
BRDA:218,38,1,0
BRDA:229,39,0,0
BRDA:229,39,1,0
BRDA:241,40,0,0
BRDA:241,40,1,0
BRDA:245,41,0,0
BRDA:245,41,1,0
BRDA:246,42,0,0
BRDA:246,42,1,0
BRDA:255,43,0,0
BRDA:255,43,1,0
BRDA:256,44,0,0
BRDA:256,44,1,0
BRDA:271,45,0,0
BRDA:271,45,1,0
BRDA:277,46,0,0
BRDA:277,46,1,0
BRDA:277,47,0,0
BRDA:277,47,1,0
BRDA:278,48,0,0
BRDA:278,48,1,0
BRDA:283,49,0,0
BRDA:283,49,1,0
BRDA:287,50,0,0
BRDA:287,50,1,0
BRDA:310,51,0,0
BRDA:310,51,1,0
BRDA:315,52,0,0
BRDA:315,52,1,0
BRDA:356,53,0,0
BRDA:356,53,1,0
BRDA:392,54,0,0
BRDA:392,54,1,0
BRDA:393,55,0,0
BRDA:393,55,1,0
BRDA:394,56,0,0
BRDA:394,56,1,0
BRDA:396,57,0,0
BRDA:396,57,1,0
BRDA:406,58,0,0
BRDA:406,58,1,0
BRDA:415,59,0,0
BRDA:415,59,1,0
BRDA:422,60,0,0
BRDA:422,60,1,0
BRDA:441,61,0,0
BRDA:441,61,1,0
BRDA:466,62,0,0
BRDA:466,62,1,0
BRDA:475,63,0,0
BRDA:475,63,1,0
BRDA:489,64,0,0
BRDA:489,64,1,0
BRDA:491,65,0,0
BRDA:491,65,1,0
BRDA:504,66,0,0
BRDA:504,66,1,0
BRDA:515,67,0,0
BRDA:515,67,1,0
BRDA:538,68,0,0
BRDA:538,68,1,0
BRF:138
BRH:0
end_of_record
TN:
SF:/Users/jonathanspratley/Github/hackathon-starter/middleware/graphql.js
FN:10,boot
FN:12,loggingMiddleware
FN:17,(anonymous_2)
FN:20,(anonymous_3)
FN:40,(anonymous_4)
FNF:5
FNH:1
FNDA:1,boot
FNDA:0,loggingMiddleware
FNDA:0,(anonymous_2)
FNDA:0,(anonymous_3)
FNDA:0,(anonymous_4)
DA:3,1
DA:5,1
DA:7,1
DA:8,1
DA:10,1
DA:13,0
DA:14,0
DA:16,1
DA:18,0
DA:21,0
DA:22,0
DA:26,1
DA:34,1
DA:38,1
DA:39,1
DA:40,1
DA:41,0
DA:45,1
DA:48,1
DA:53,1
LF:20
LH:14
BRF:0
BRH:0
end_of_record
TN:
SF:/Users/jonathanspratley/Github/hackathon-starter/middleware/resolvers.js
FN:41,(anonymous_0)
FN:42,(anonymous_1)
FN:44,(anonymous_2)
FN:48,(anonymous_3)
FN:49,(anonymous_4)
FN:57,(anonymous_5)
FN:65,(anonymous_6)
FN:70,(anonymous_7)
FNF:8
FNH:0
FNDA:0,(anonymous_0)
FNDA:0,(anonymous_1)
FNDA:0,(anonymous_2)
FNDA:0,(anonymous_3)
FNDA:0,(anonymous_4)
FNDA:0,(anonymous_5)
FNDA:0,(anonymous_6)
FNDA:0,(anonymous_7)
DA:5,1
DA:7,1
DA:8,1
DA:12,1
DA:21,1
DA:31,1
DA:37,1
DA:39,1
DA:41,0
DA:43,0
DA:44,0
DA:45,0
DA:48,0
DA:50,0
DA:51,0
DA:58,0
DA:59,0
DA:66,0
DA:67,0
DA:68,0
DA:71,0
DA:76,0
DA:77,0
DA:78,0
DA:79,0
DA:83,1
LF:26
LH:9
BRF:0
BRH:0
end_of_record
TN:
SF:/Users/jonathanspratley/Github/hackathon-starter/middleware/schema.js
FNF:0
FNH:0
DA:3,1
DA:5,1
DA:69,1
LF:3
LH:3
BRF:0
BRH:0
end_of_record
TN:
SF:/Users/jonathanspratley/Github/hackathon-starter/models/Author.js
FNF:0
FNH:0
DA:1,0
DA:3,0
DA:6,0
DA:7,0
LF:4
LH:0
BRF:0
BRH:0
end_of_record
TN:
SF:/Users/jonathanspratley/Github/hackathon-starter/models/Book.js
FNF:0
FNH:0
DA:1,1
DA:3,1
DA:8,1
DA:10,1
LF:4
LH:4
BRF:0
BRH:0
end_of_record
TN:
SF:/Users/jonathanspratley/Github/hackathon-starter/models/Link.js
FNF:0
FNH:0
DA:1,1
DA:3,1
LF:2
LH:2
BRF:0
BRH:0
end_of_record
TN:
SF:/Users/jonathanspratley/Github/hackathon-starter/models/User.js
FN:36,save
FN:39,(anonymous_1)
FN:41,(anonymous_2)
FN:52,comparePassword
FN:53,(anonymous_4)
FN:61,gravatar
FNF:6
FNH:0
FNDA:0,save
FNDA:0,(anonymous_1)
FNDA:0,(anonymous_2)
FNDA:0,comparePassword
FNDA:0,(anonymous_4)
FNDA:0,gravatar
DA:1,1
DA:2,1
DA:3,1
DA:5,1
DA:36,1
DA:37,0
DA:38,0
DA:39,0
DA:40,0
DA:41,0
DA:42,0
DA:43,0
DA:44,0
DA:52,1
DA:53,0
DA:54,0
DA:61,1
DA:62,0
DA:63,0
DA:65,0
DA:66,0
DA:68,0
DA:69,0
DA:72,1
DA:74,1
LF:25
LH:9
BRDA:38,0,0,0
BRDA:38,0,1,0
BRDA:40,1,0,0
BRDA:40,1,1,0
BRDA:42,2,0,0
BRDA:42,2,1,0
BRDA:62,3,0,0
BRDA:62,3,1,0
BRDA:65,4,0,0
BRDA:65,4,1,0
BRF:10
BRH:0
end_of_record
TN:
SF:/Users/jonathanspratley/Github/hackathon-starter/models/index.js
FNF:0
FNH:0
DA:1,0
DA:2,0
DA:4,0
LF:3
LH:0
BRF:0
BRH:0
end_of_record
TN:
SF:/Users/jonathanspratley/Github/hackathon-starter/public/js/main.js
FN:2,(anonymous_0)
FNF:1
FNH:0
FNDA:0,(anonymous_0)
DA:2,0
LF:1
LH:0
BRF:0
BRH:0
end_of_record
